0 info it worked if it ends with ok
1 verbose cli [ '/usr/bin/node', '/usr/bin/npm', 'install' ]
2 info using npm@1.4.28
3 info using node@v0.10.33
4 verbose node symlink /usr/bin/node
5 verbose readDependencies using package.json deps
6 verbose install where, deps [ '/home/rbezerra/Documentos/Gerenciamento de Projetos/prot_fireseed/angularfire-seed',
6 verbose install   [ 'karma',
6 verbose install     'protractor',
6 verbose install     'http-server',
6 verbose install     'bower',
6 verbose install     'shelljs',
6 verbose install     'karma-junit-reporter' ] ]
7 info preinstall angularfire-seed@0.8.2
8 warn package.json karma-chrome-launcher@0.1.7 No README data
9 warn package.json karma-phantomjs-launcher@0.1.4 No README data
10 verbose readDependencies using package.json deps
11 verbose already installed skipping protractor@~0.20.1 /home/rbezerra/Documentos/Gerenciamento de Projetos/prot_fireseed/angularfire-seed
12 verbose already installed skipping http-server@^0.6.1 /home/rbezerra/Documentos/Gerenciamento de Projetos/prot_fireseed/angularfire-seed
13 verbose already installed skipping bower@^1.3.1 /home/rbezerra/Documentos/Gerenciamento de Projetos/prot_fireseed/angularfire-seed
14 verbose already installed skipping shelljs@^0.2.6 /home/rbezerra/Documentos/Gerenciamento de Projetos/prot_fireseed/angularfire-seed
15 verbose already installed skipping karma-junit-reporter@^0.2.2 /home/rbezerra/Documentos/Gerenciamento de Projetos/prot_fireseed/angularfire-seed
16 verbose already installed skipping karma@~0.10 /home/rbezerra/Documentos/Gerenciamento de Projetos/prot_fireseed/angularfire-seed
17 silly resolved []
18 info build /home/rbezerra/Documentos/Gerenciamento de Projetos/prot_fireseed/angularfire-seed
19 verbose linkStuff [ false,
19 verbose linkStuff   false,
19 verbose linkStuff   false,
19 verbose linkStuff   '/home/rbezerra/Documentos/Gerenciamento de Projetos/prot_fireseed' ]
20 info linkStuff angularfire-seed@0.8.2
21 verbose linkBins angularfire-seed@0.8.2
22 verbose linkMans angularfire-seed@0.8.2
23 verbose rebuildBundles angularfire-seed@0.8.2
24 verbose rebuildBundles [ '.bin',
24 verbose rebuildBundles   'bower',
24 verbose rebuildBundles   'http-server',
24 verbose rebuildBundles   'karma',
24 verbose rebuildBundles   'karma-chrome-launcher',
24 verbose rebuildBundles   'karma-coffee-preprocessor',
24 verbose rebuildBundles   'karma-firefox-launcher',
24 verbose rebuildBundles   'karma-html2js-preprocessor',
24 verbose rebuildBundles   'karma-jasmine',
24 verbose rebuildBundles   'karma-junit-reporter',
24 verbose rebuildBundles   'karma-phantomjs-launcher',
24 verbose rebuildBundles   'karma-requirejs',
24 verbose rebuildBundles   'karma-script-launcher',
24 verbose rebuildBundles   'protractor',
24 verbose rebuildBundles   'requirejs',
24 verbose rebuildBundles   'shelljs' ]
25 verbose rebuild bundle /home/rbezerra/Documentos/Gerenciamento de Projetos/prot_fireseed/angularfire-seed/node_modules/karma-chrome-launcher
26 info build /home/rbezerra/Documentos/Gerenciamento de Projetos/prot_fireseed/angularfire-seed/node_modules/karma-chrome-launcher
27 info preinstall karma-chrome-launcher@0.1.7
28 verbose linkStuff [ false,
28 verbose linkStuff   false,
28 verbose linkStuff   false,
28 verbose linkStuff   '/home/rbezerra/Documentos/Gerenciamento de Projetos/prot_fireseed/angularfire-seed/node_modules' ]
29 info linkStuff karma-chrome-launcher@0.1.7
30 verbose linkBins karma-chrome-launcher@0.1.7
31 verbose linkMans karma-chrome-launcher@0.1.7
32 verbose rebuildBundles karma-chrome-launcher@0.1.7
33 info install karma-chrome-launcher@0.1.7
34 info postinstall karma-chrome-launcher@0.1.7
35 verbose rebuild bundle /home/rbezerra/Documentos/Gerenciamento de Projetos/prot_fireseed/angularfire-seed/node_modules/karma-coffee-preprocessor
36 info build /home/rbezerra/Documentos/Gerenciamento de Projetos/prot_fireseed/angularfire-seed/node_modules/karma-coffee-preprocessor
37 info preinstall karma-coffee-preprocessor@0.1.3
38 verbose linkStuff [ false,
38 verbose linkStuff   false,
38 verbose linkStuff   false,
38 verbose linkStuff   '/home/rbezerra/Documentos/Gerenciamento de Projetos/prot_fireseed/angularfire-seed/node_modules' ]
39 info linkStuff karma-coffee-preprocessor@0.1.3
40 verbose linkBins karma-coffee-preprocessor@0.1.3
41 verbose linkMans karma-coffee-preprocessor@0.1.3
42 verbose rebuildBundles karma-coffee-preprocessor@0.1.3
43 verbose rebuildBundles [ '.bin', 'coffee-script' ]
44 info install karma-coffee-preprocessor@0.1.3
45 info postinstall karma-coffee-preprocessor@0.1.3
46 verbose rebuild bundle /home/rbezerra/Documentos/Gerenciamento de Projetos/prot_fireseed/angularfire-seed/node_modules/karma-firefox-launcher
47 info build /home/rbezerra/Documentos/Gerenciamento de Projetos/prot_fireseed/angularfire-seed/node_modules/karma-firefox-launcher
48 info preinstall karma-firefox-launcher@0.1.3
49 verbose linkStuff [ false,
49 verbose linkStuff   false,
49 verbose linkStuff   false,
49 verbose linkStuff   '/home/rbezerra/Documentos/Gerenciamento de Projetos/prot_fireseed/angularfire-seed/node_modules' ]
50 info linkStuff karma-firefox-launcher@0.1.3
51 verbose linkBins karma-firefox-launcher@0.1.3
52 verbose linkMans karma-firefox-launcher@0.1.3
53 verbose rebuildBundles karma-firefox-launcher@0.1.3
54 info install karma-firefox-launcher@0.1.3
55 info postinstall karma-firefox-launcher@0.1.3
56 verbose rebuild bundle /home/rbezerra/Documentos/Gerenciamento de Projetos/prot_fireseed/angularfire-seed/node_modules/karma-html2js-preprocessor
57 info build /home/rbezerra/Documentos/Gerenciamento de Projetos/prot_fireseed/angularfire-seed/node_modules/karma-html2js-preprocessor
58 info preinstall karma-html2js-preprocessor@0.1.0
59 verbose linkStuff [ false,
59 verbose linkStuff   false,
59 verbose linkStuff   false,
59 verbose linkStuff   '/home/rbezerra/Documentos/Gerenciamento de Projetos/prot_fireseed/angularfire-seed/node_modules' ]
60 info linkStuff karma-html2js-preprocessor@0.1.0
61 verbose linkBins karma-html2js-preprocessor@0.1.0
62 verbose linkMans karma-html2js-preprocessor@0.1.0
63 verbose rebuildBundles karma-html2js-preprocessor@0.1.0
64 info install karma-html2js-preprocessor@0.1.0
65 info postinstall karma-html2js-preprocessor@0.1.0
66 verbose rebuild bundle /home/rbezerra/Documentos/Gerenciamento de Projetos/prot_fireseed/angularfire-seed/node_modules/karma-jasmine
67 info build /home/rbezerra/Documentos/Gerenciamento de Projetos/prot_fireseed/angularfire-seed/node_modules/karma-jasmine
68 info preinstall karma-jasmine@0.1.5
69 verbose linkStuff [ false,
69 verbose linkStuff   false,
69 verbose linkStuff   false,
69 verbose linkStuff   '/home/rbezerra/Documentos/Gerenciamento de Projetos/prot_fireseed/angularfire-seed/node_modules' ]
70 info linkStuff karma-jasmine@0.1.5
71 verbose linkBins karma-jasmine@0.1.5
72 verbose linkMans karma-jasmine@0.1.5
73 verbose rebuildBundles karma-jasmine@0.1.5
74 info install karma-jasmine@0.1.5
75 info postinstall karma-jasmine@0.1.5
76 verbose rebuild bundle /home/rbezerra/Documentos/Gerenciamento de Projetos/prot_fireseed/angularfire-seed/node_modules/karma-phantomjs-launcher
77 info build /home/rbezerra/Documentos/Gerenciamento de Projetos/prot_fireseed/angularfire-seed/node_modules/karma-phantomjs-launcher
78 info preinstall karma-phantomjs-launcher@0.1.4
79 verbose linkStuff [ false,
79 verbose linkStuff   false,
79 verbose linkStuff   false,
79 verbose linkStuff   '/home/rbezerra/Documentos/Gerenciamento de Projetos/prot_fireseed/angularfire-seed/node_modules' ]
80 info linkStuff karma-phantomjs-launcher@0.1.4
81 verbose linkBins karma-phantomjs-launcher@0.1.4
82 verbose linkMans karma-phantomjs-launcher@0.1.4
83 verbose rebuildBundles karma-phantomjs-launcher@0.1.4
84 verbose rebuildBundles [ '.bin', 'phantomjs' ]
85 info install karma-phantomjs-launcher@0.1.4
86 info postinstall karma-phantomjs-launcher@0.1.4
87 verbose rebuild bundle /home/rbezerra/Documentos/Gerenciamento de Projetos/prot_fireseed/angularfire-seed/node_modules/karma-requirejs
88 info build /home/rbezerra/Documentos/Gerenciamento de Projetos/prot_fireseed/angularfire-seed/node_modules/karma-requirejs
89 info preinstall karma-requirejs@0.2.2
90 verbose linkStuff [ false,
90 verbose linkStuff   false,
90 verbose linkStuff   false,
90 verbose linkStuff   '/home/rbezerra/Documentos/Gerenciamento de Projetos/prot_fireseed/angularfire-seed/node_modules' ]
91 info linkStuff karma-requirejs@0.2.2
92 verbose linkBins karma-requirejs@0.2.2
93 verbose linkMans karma-requirejs@0.2.2
94 verbose rebuildBundles karma-requirejs@0.2.2
95 info install karma-requirejs@0.2.2
96 info postinstall karma-requirejs@0.2.2
97 verbose rebuild bundle /home/rbezerra/Documentos/Gerenciamento de Projetos/prot_fireseed/angularfire-seed/node_modules/karma-script-launcher
98 info build /home/rbezerra/Documentos/Gerenciamento de Projetos/prot_fireseed/angularfire-seed/node_modules/karma-script-launcher
99 info preinstall karma-script-launcher@0.1.0
100 verbose linkStuff [ false,
100 verbose linkStuff   false,
100 verbose linkStuff   false,
100 verbose linkStuff   '/home/rbezerra/Documentos/Gerenciamento de Projetos/prot_fireseed/angularfire-seed/node_modules' ]
101 info linkStuff karma-script-launcher@0.1.0
102 verbose linkBins karma-script-launcher@0.1.0
103 verbose linkMans karma-script-launcher@0.1.0
104 verbose rebuildBundles karma-script-launcher@0.1.0
105 info install karma-script-launcher@0.1.0
106 info postinstall karma-script-launcher@0.1.0
107 verbose rebuild bundle /home/rbezerra/Documentos/Gerenciamento de Projetos/prot_fireseed/angularfire-seed/node_modules/requirejs
108 info build /home/rbezerra/Documentos/Gerenciamento de Projetos/prot_fireseed/angularfire-seed/node_modules/requirejs
109 info preinstall requirejs@2.1.15
110 verbose linkStuff [ false,
110 verbose linkStuff   false,
110 verbose linkStuff   false,
110 verbose linkStuff   '/home/rbezerra/Documentos/Gerenciamento de Projetos/prot_fireseed/angularfire-seed/node_modules' ]
111 info linkStuff requirejs@2.1.15
112 verbose linkBins requirejs@2.1.15
113 verbose link bins [ { 'r.js': './bin/r.js' },
113 verbose link bins   '/home/rbezerra/Documentos/Gerenciamento de Projetos/prot_fireseed/angularfire-seed/node_modules/.bin',
113 verbose link bins   false ]
114 verbose linkMans requirejs@2.1.15
115 verbose rebuildBundles requirejs@2.1.15
116 error Error: EACCES, unlink '/home/rbezerra/Documentos/Gerenciamento de Projetos/prot_fireseed/angularfire-seed/node_modules/.bin/r.js'
116 error  { [Error: EACCES, unlink '/home/rbezerra/Documentos/Gerenciamento de Projetos/prot_fireseed/angularfire-seed/node_modules/.bin/r.js']
116 error   errno: 3,
116 error   code: 'EACCES',
116 error   path: '/home/rbezerra/Documentos/Gerenciamento de Projetos/prot_fireseed/angularfire-seed/node_modules/.bin/r.js' }
117 error Please try running this command again as root/Administrator.
118 error System Linux 3.16.0-25-generic
119 error command "/usr/bin/node" "/usr/bin/npm" "install"
120 error cwd /home/rbezerra/Documentos/Gerenciamento de Projetos/prot_fireseed/angularfire-seed
121 error node -v v0.10.33
122 error npm -v 1.4.28
123 error path /home/rbezerra/Documentos/Gerenciamento de Projetos/prot_fireseed/angularfire-seed/node_modules/.bin/r.js
124 error code EACCES
125 error errno 3
126 error stack Error: EACCES, unlink '/home/rbezerra/Documentos/Gerenciamento de Projetos/prot_fireseed/angularfire-seed/node_modules/.bin/r.js'
127 verbose exit [ 3, true ]
